{"C:\\Users\\adolfo\\Documents\\00 PROYECTOS\\DesarrolloWeb\\session-cuatro-js\\compact.js": {"path":"C:\\Users\\adolfo\\Documents\\00 PROYECTOS\\DesarrolloWeb\\session-cuatro-js\\compact.js","statementMap":{"0":{"start":{"line":20,"column":20},"end":{"line":27,"column":3}},"1":{"start":{"line":22,"column":13},"end":{"line":22,"column":14}},"2":{"start":{"line":23,"column":4},"end":{"line":25,"column":7}},"3":{"start":{"line":24,"column":6},"end":{"line":24,"column":17}},"4":{"start":{"line":26,"column":4},"end":{"line":26,"column":16}}},"fnMap":{"0":{"name":"(anonymous_0)","decl":{"start":{"line":20,"column":20},"end":{"line":20,"column":21}},"loc":{"start":{"line":21,"column":0},"end":{"line":27,"column":3}},"line":21},"1":{"name":"(anonymous_1)","decl":{"start":{"line":23,"column":18},"end":{"line":23,"column":19}},"loc":{"start":{"line":23,"column":26},"end":{"line":25,"column":5}},"line":23}},"branchMap":{},"s":{"0":1,"1":1,"2":1,"3":3,"4":1},"f":{"0":1,"1":3},"b":{},"_coverageSchema":"1a1c01bbd47fc00a2c39e90264f33305004495a9","hash":"c323b19a2764939e339f01e9782eefaab35e8c55"}
}
